<?xml version="1.0" encoding="UTF-8"?>
<!-- Generated by org.testng.reporters.JUnitXMLReporter -->
<testsuite ignored="1" hostname="AartiRaj" failures="0" tests="1" name="Default test" time="8.812" errors="0" timestamp="2025-12-18T19:10:36 IST">
  <testcase classname="TestClasses.LoginTest" name="verifyLogin" time="2.835"/>
  <testcase classname="TestClasses.LoginTest" name="verifyInvalidLogin" time="0.0">
    <ignored/>
  </testcase> <!-- verifyInvalidLogin -->
</testsuite> <!-- Default test -->
