<?xml version="1.0" encoding="UTF-8"?>
<testng-results ignored="1" total="2" passed="1" failed="0" skipped="0">
  <reporter-output>
  </reporter-output>
  <suite started-at="2025-12-18T19:10:27 IST" name="Default suite" finished-at="2025-12-18T19:10:36 IST" duration-ms="8812">
    <groups>
    </groups>
    <test started-at="2025-12-18T19:10:27 IST" name="Default test" finished-at="2025-12-18T19:10:36 IST" duration-ms="8812">
      <class name="TestClasses.LoginTest">
        <test-method is-config="true" signature="setUp()[pri:0, instance:TestClasses.LoginTest@498d318c]" started-at="2025-12-18T19:10:27 IST" name="setUp" finished-at="2025-12-18T19:10:32 IST" duration-ms="5546" status="PASS">
          <reporter-output>
          </reporter-output>
        </test-method> <!-- setUp -->
        <test-method signature="verifyLogin()[pri:2, instance:TestClasses.LoginTest@498d318c]" started-at="2025-12-18T19:10:33 IST" name="verifyLogin" finished-at="2025-12-18T19:10:35 IST" duration-ms="2835" status="PASS">
          <reporter-output>
          </reporter-output>
        </test-method> <!-- verifyLogin -->
        <test-method is-config="true" signature="tearDown()[pri:0, instance:TestClasses.LoginTest@498d318c]" started-at="2025-12-18T19:10:35 IST" name="tearDown" finished-at="2025-12-18T19:10:36 IST" duration-ms="378" status="PASS">
          <reporter-output>
          </reporter-output>
        </test-method> <!-- tearDown -->
      </class> <!-- TestClasses.LoginTest -->
    </test> <!-- Default test -->
  </suite> <!-- Default suite -->
</testng-results>
